<?xml version="1.0" encoding="UTF-8"?>
<!-- Generated by org.testng.reporters.JUnitReportReporter -->
<testsuite hostname="TST-LAP-0197" failures="0" tests="1" name="TestCases.ParameterTest" time="32.689" errors="0" timestamp="2022-06-06T12:36:57 IST" skipped="0">
  <testcase classname="TestCases.ParameterTest" name="datacoreTimesheetLoginTest" time="32.689"/>
  <system-out/>
</testsuite> <!-- TestCases.ParameterTest -->
