<?xml version="1.0" encoding="UTF-8"?>
<!-- Generated by org.testng.reporters.JUnitReportReporter -->
<testsuite hostname="TST-LAP-0197" failures="0" tests="1" name="TestCases.TestTestNG" time="0.014" errors="0" timestamp="2022-06-04T11:18:55 IST" skipped="0">
  <testcase classname="TestCases.TestTestNG" name="show" time="0.014"/>
  <system-out/>
</testsuite> <!-- TestCases.TestTestNG -->
