<?xml version="1.0" encoding="UTF-8"?>
<!-- Generated by org.testng.reporters.JUnitReportReporter -->
<testsuite hostname="TST-LAP-0197" failures="0" tests="1" name="TestCases.SharePriceCheck" time="44.823" errors="0" timestamp="2022-06-21T10:06:17 IST" skipped="0">
  <testcase classname="TestCases.SharePriceCheck" name="searchd" time="44.823"/>
  <system-out/>
</testsuite> <!-- TestCases.SharePriceCheck -->
