<?xml version="1.0" encoding="UTF-8"?>
<!-- Generated by org.testng.reporters.JUnitReportReporter -->
<testsuite hostname="TST-LAP-0197" failures="0" tests="1" name="TestCases.GoogleSearchBox" time="28.563" errors="0" timestamp="2022-06-13T21:23:45 IST" skipped="0">
  <testcase classname="TestCases.GoogleSearchBox" name="railEurope" time="28.563"/>
  <system-out/>
</testsuite> <!-- TestCases.GoogleSearchBox -->
