<?xml version="1.0" encoding="UTF-8"?>
<!-- Generated by org.testng.reporters.JUnitReportReporter -->
<testsuite hostname="TST-LAP-0197" failures="0" tests="3" name="TestCases.DataCoreTimeSheet" time="48.007" errors="0" timestamp="2022-06-18T13:30:29 IST" skipped="0">
  <testcase classname="TestCases.DataCoreTimeSheet" name="validateLogo" time="9.917"/>
  <system-out/>
  <testcase classname="TestCases.DataCoreTimeSheet" name="pageTitleTest" time="10.687"/>
  <system-out/>
  <testcase classname="TestCases.DataCoreTimeSheet" name="loginPageTest" time="27.403"/>
  <system-out/>
</testsuite> <!-- TestCases.DataCoreTimeSheet -->
